0 info it worked if it ends with ok
1 verbose cli [ '/usr/local/Cellar/node/5.1.0/bin/node',
1 verbose cli   '/usr/local/bin/npm',
1 verbose cli   'run',
1 verbose cli   'serve-web' ]
2 info using npm@3.3.12
3 info using node@v5.1.0
4 verbose run-script [ 'preserve-web', 'serve-web', 'postserve-web' ]
5 info lifecycle gig-native-web@0.0.1~preserve-web: gig-native-web@0.0.1
6 silly lifecycle gig-native-web@0.0.1~preserve-web: no script for preserve-web, continuing
7 info lifecycle gig-native-web@0.0.1~serve-web: gig-native-web@0.0.1
8 verbose lifecycle gig-native-web@0.0.1~serve-web: unsafe-perm in lifecycle true
9 verbose lifecycle gig-native-web@0.0.1~serve-web: PATH: /usr/local/lib/node_modules/npm/bin/node-gyp-bin:/Users/pedrojose/Documents/repo/gig-native-web/node_modules/.bin:/usr/local/bin:/usr/bin:/bin:/usr/sbin:/sbin
10 verbose lifecycle gig-native-web@0.0.1~serve-web: CWD: /Users/pedrojose/Documents/repo/gig-native-web
11 silly lifecycle gig-native-web@0.0.1~serve-web: Args: [ '-c', 'grunt serve-web' ]
12 silly lifecycle gig-native-web@0.0.1~serve-web: Returned: code: 3  signal: null
13 info lifecycle gig-native-web@0.0.1~serve-web: Failed to exec serve-web script
14 verbose stack Error: gig-native-web@0.0.1 serve-web: `grunt serve-web`
14 verbose stack Exit status 3
14 verbose stack     at EventEmitter.<anonymous> (/usr/local/lib/node_modules/npm/lib/utils/lifecycle.js:232:16)
14 verbose stack     at emitTwo (events.js:87:13)
14 verbose stack     at EventEmitter.emit (events.js:172:7)
14 verbose stack     at ChildProcess.<anonymous> (/usr/local/lib/node_modules/npm/lib/utils/spawn.js:24:14)
14 verbose stack     at emitTwo (events.js:87:13)
14 verbose stack     at ChildProcess.emit (events.js:172:7)
14 verbose stack     at maybeClose (internal/child_process.js:818:16)
14 verbose stack     at Process.ChildProcess._handle.onexit (internal/child_process.js:211:5)
15 verbose pkgid gig-native-web@0.0.1
16 verbose cwd /Users/pedrojose/Documents/repo/gig-native-web
17 error Darwin 15.0.0
18 error argv "/usr/local/Cellar/node/5.1.0/bin/node" "/usr/local/bin/npm" "run" "serve-web"
19 error node v5.1.0
20 error npm  v3.3.12
21 error code ELIFECYCLE
22 error gig-native-web@0.0.1 serve-web: `grunt serve-web`
22 error Exit status 3
23 error Failed at the gig-native-web@0.0.1 serve-web script 'grunt serve-web'.
23 error Make sure you have the latest version of node.js and npm installed.
23 error If you do, this is most likely a problem with the gig-native-web package,
23 error not with npm itself.
23 error Tell the author that this fails on your system:
23 error     grunt serve-web
23 error You can get their info via:
23 error     npm owner ls gig-native-web
23 error There is likely additional logging output above.
24 verbose exit [ 1, true ]
